# Logfile created on 2014-04-11 02:16:05 +0000 by logger.rb/44203
I, [2014-04-11T02:16:05.273758 #9868]  INFO -- : 0:  blankslate (2.1.2.4) from /home/vagrant/.rvm/gems/ruby-2.1.0/specifications/blankslate-2.1.2.4.gemspec
I, [2014-04-11T02:16:07.068183 #9868]  INFO -- : 0:  fast-stemmer (1.0.2) from /home/vagrant/.rvm/gems/ruby-2.1.0/specifications/fast-stemmer-1.0.2.gemspec
I, [2014-04-11T02:16:08.217296 #9868]  INFO -- : 0:  classifier (1.3.4) from /home/vagrant/.rvm/gems/ruby-2.1.0/specifications/classifier-1.3.4.gemspec
I, [2014-04-11T02:16:14.569237 #9868]  INFO -- : 0:  coderay (1.1.0) from /home/vagrant/.rvm/gems/ruby-2.1.0/specifications/coderay-1.1.0.gemspec
I, [2014-04-11T02:16:15.517793 #9868]  INFO -- : 0:  colorator (0.1) from /home/vagrant/.rvm/gems/ruby-2.1.0/specifications/colorator-0.1.gemspec
I, [2014-04-11T02:16:16.528039 #9868]  INFO -- : 0:  highline (1.6.21) from /home/vagrant/.rvm/gems/ruby-2.1.0/specifications/highline-1.6.21.gemspec
I, [2014-04-11T02:16:17.643110 #9868]  INFO -- : 0:  commander (4.1.6) from /home/vagrant/.rvm/gems/ruby-2.1.0/specifications/commander-4.1.6.gemspec
I, [2014-04-11T02:16:27.762520 #9868]  INFO -- : 0:  eventmachine (1.0.3) from /home/vagrant/.rvm/gems/ruby-2.1.0/specifications/eventmachine-1.0.3.gemspec
I, [2014-04-11T02:16:30.166167 #9868]  INFO -- : 0:  http_parser.rb (0.5.3) from /home/vagrant/.rvm/gems/ruby-2.1.0/specifications/http_parser.rb-0.5.3.gemspec
I, [2014-04-11T02:16:30.964828 #9868]  INFO -- : 0:  em-websocket (0.5.0) from /home/vagrant/.rvm/gems/ruby-2.1.0/specifications/em-websocket-0.5.0.gemspec
I, [2014-04-11T02:16:40.518535 #9868]  INFO -- : 0:  ffi (1.9.3) from /home/vagrant/.rvm/gems/ruby-2.1.0/specifications/ffi-1.9.3.gemspec
I, [2014-04-11T02:16:41.200864 #9868]  INFO -- : 0:  formatador (0.2.4) from /home/vagrant/.rvm/gems/ruby-2.1.0/specifications/formatador-0.2.4.gemspec
I, [2014-04-11T02:16:42.702072 #9868]  INFO -- : 0:  rb-fsevent (0.9.4) from /home/vagrant/.rvm/gems/ruby-2.1.0/specifications/rb-fsevent-0.9.4.gemspec
I, [2014-04-11T02:16:43.677927 #9868]  INFO -- : 0:  rb-inotify (0.9.3) from /home/vagrant/.rvm/gems/ruby-2.1.0/specifications/rb-inotify-0.9.3.gemspec
I, [2014-04-11T02:16:44.974424 #9868]  INFO -- : 0:  rb-kqueue (0.2.2) from /home/vagrant/.rvm/gems/ruby-2.1.0/specifications/rb-kqueue-0.2.2.gemspec
I, [2014-04-11T02:16:46.467549 #9868]  INFO -- : 0:  listen (1.3.1) from /home/vagrant/.rvm/gems/ruby-2.1.0/specifications/listen-1.3.1.gemspec
I, [2014-04-11T02:16:47.986609 #9868]  INFO -- : 0:  lumberjack (1.0.5) from /home/vagrant/.rvm/gems/ruby-2.1.0/specifications/lumberjack-1.0.5.gemspec
I, [2014-04-11T02:16:49.305256 #9868]  INFO -- : 0:  method_source (0.8.2) from /home/vagrant/.rvm/gems/ruby-2.1.0/specifications/method_source-0.8.2.gemspec
I, [2014-04-11T02:16:50.687573 #9868]  INFO -- : 0:  slop (3.5.0) from /home/vagrant/.rvm/gems/ruby-2.1.0/specifications/slop-3.5.0.gemspec
I, [2014-04-11T02:16:52.625149 #9868]  INFO -- : 0:  pry (0.9.12.6) from /home/vagrant/.rvm/gems/ruby-2.1.0/specifications/pry-0.9.12.6.gemspec
I, [2014-04-11T02:16:54.221620 #9868]  INFO -- : 0:  thor (0.19.1) from /home/vagrant/.rvm/gems/ruby-2.1.0/specifications/thor-0.19.1.gemspec
I, [2014-04-11T02:16:56.864518 #9868]  INFO -- : 0:  guard (1.8.3) from /home/vagrant/.rvm/gems/ruby-2.1.0/specifications/guard-1.8.3.gemspec
I, [2014-04-11T02:16:58.097521 #9868]  INFO -- : 0:  liquid (2.5.5) from /home/vagrant/.rvm/gems/ruby-2.1.0/specifications/liquid-2.5.5.gemspec
I, [2014-04-11T02:16:59.029148 #9868]  INFO -- : 0:  maruku (0.7.0) from /home/vagrant/.rvm/gems/ruby-2.1.0/specifications/maruku-0.7.0.gemspec
I, [2014-04-11T02:17:00.730779 #9868]  INFO -- : 0:  posix-spawn (0.3.8) from /home/vagrant/.rvm/gems/ruby-2.1.0/specifications/posix-spawn-0.3.8.gemspec
I, [2014-04-11T02:17:03.984779 #9868]  INFO -- : 0:  yajl-ruby (1.1.0) from /home/vagrant/.rvm/gems/ruby-2.1.0/specifications/yajl-ruby-1.1.0.gemspec
I, [2014-04-11T02:17:12.771734 #9868]  INFO -- : 0:  pygments.rb (0.5.4) from /home/vagrant/.rvm/gems/ruby-2.1.0/specifications/pygments.rb-0.5.4.gemspec
I, [2014-04-11T02:17:17.223226 #9868]  INFO -- : 0:  redcarpet (2.3.0) from /home/vagrant/.rvm/gems/ruby-2.1.0/specifications/redcarpet-2.3.0.gemspec
I, [2014-04-11T02:17:18.322898 #9868]  INFO -- : 0:  safe_yaml (1.0.2) from /home/vagrant/.rvm/gems/ruby-2.1.0/specifications/safe_yaml-1.0.2.gemspec
I, [2014-04-11T02:17:19.181224 #9868]  INFO -- : 0:  parslet (1.5.0) from /home/vagrant/.rvm/gems/ruby-2.1.0/specifications/parslet-1.5.0.gemspec
I, [2014-04-11T02:17:20.213360 #9868]  INFO -- : 0:  toml (0.1.1) from /home/vagrant/.rvm/gems/ruby-2.1.0/specifications/toml-0.1.1.gemspec
I, [2014-04-11T02:17:22.001384 #9868]  INFO -- : 0:  jekyll (1.5.1) from /home/vagrant/.rvm/gems/ruby-2.1.0/specifications/jekyll-1.5.1.gemspec
I, [2014-04-11T02:17:22.987635 #9868]  INFO -- : 0:  guard-jekyll-plus (1.4.10) from /home/vagrant/.rvm/gems/ruby-2.1.0/specifications/guard-jekyll-plus-1.4.10.gemspec
I, [2014-04-11T02:17:24.124214 #9868]  INFO -- : 0:  multi_json (1.9.2) from /home/vagrant/.rvm/gems/ruby-2.1.0/specifications/multi_json-1.9.2.gemspec
I, [2014-04-11T02:17:25.446200 #9868]  INFO -- : 0:  guard-livereload (1.4.0) from /home/vagrant/.rvm/gems/ruby-2.1.0/specifications/guard-livereload-1.4.0.gemspec
I, [2014-04-11T02:17:25.449880 #9868]  INFO -- : 0:  bundler (1.5.0) from /home/vagrant/.rvm/gems/ruby-2.1.0@global/specifications/bundler-1.5.0.gemspec
I, [2014-04-11T02:32:40.306497 #1656]  INFO -- : 0:  fast-stemmer (1.0.2) from /home/vagrant/.rvm/gems/ruby-2.1.0/specifications/fast-stemmer-1.0.2.gemspec
I, [2014-04-11T02:32:40.308027 #1656]  INFO -- : 0:  classifier (1.3.4) from /home/vagrant/.rvm/gems/ruby-2.1.0/specifications/classifier-1.3.4.gemspec
I, [2014-04-11T02:32:40.312758 #1656]  INFO -- : 0:  coderay (1.1.0) from /home/vagrant/.rvm/gems/ruby-2.1.0/specifications/coderay-1.1.0.gemspec
I, [2014-04-11T02:32:40.316453 #1656]  INFO -- : 0:  colorator (0.1) from /home/vagrant/.rvm/gems/ruby-2.1.0/specifications/colorator-0.1.gemspec
I, [2014-04-11T02:32:40.319478 #1656]  INFO -- : 0:  highline (1.6.21) from /home/vagrant/.rvm/gems/ruby-2.1.0/specifications/highline-1.6.21.gemspec
I, [2014-04-11T02:32:40.322579 #1656]  INFO -- : 0:  commander (4.1.6) from /home/vagrant/.rvm/gems/ruby-2.1.0/specifications/commander-4.1.6.gemspec
I, [2014-04-11T02:32:40.977320 #1656]  INFO -- : 0:  directory_watcher (1.4.1) from /home/vagrant/.rvm/gems/ruby-2.1.0/specifications/directory_watcher-1.4.1.gemspec
I, [2014-04-11T02:32:40.981022 #1656]  INFO -- : 0:  eventmachine (1.0.3) from /home/vagrant/.rvm/gems/ruby-2.1.0/specifications/eventmachine-1.0.3.gemspec
I, [2014-04-11T02:32:40.984170 #1656]  INFO -- : 0:  http_parser.rb (0.5.3) from /home/vagrant/.rvm/gems/ruby-2.1.0/specifications/http_parser.rb-0.5.3.gemspec
I, [2014-04-11T02:32:40.987117 #1656]  INFO -- : 0:  em-websocket (0.5.0) from /home/vagrant/.rvm/gems/ruby-2.1.0/specifications/em-websocket-0.5.0.gemspec
I, [2014-04-11T02:32:40.989910 #1656]  INFO -- : 0:  ffi (1.9.3) from /home/vagrant/.rvm/gems/ruby-2.1.0/specifications/ffi-1.9.3.gemspec
I, [2014-04-11T02:32:40.992742 #1656]  INFO -- : 0:  formatador (0.2.4) from /home/vagrant/.rvm/gems/ruby-2.1.0/specifications/formatador-0.2.4.gemspec
I, [2014-04-11T02:32:40.997178 #1656]  INFO -- : 0:  rb-fsevent (0.9.4) from /home/vagrant/.rvm/gems/ruby-2.1.0/specifications/rb-fsevent-0.9.4.gemspec
I, [2014-04-11T02:32:41.000540 #1656]  INFO -- : 0:  rb-inotify (0.9.3) from /home/vagrant/.rvm/gems/ruby-2.1.0/specifications/rb-inotify-0.9.3.gemspec
I, [2014-04-11T02:32:41.003917 #1656]  INFO -- : 0:  rb-kqueue (0.2.2) from /home/vagrant/.rvm/gems/ruby-2.1.0/specifications/rb-kqueue-0.2.2.gemspec
I, [2014-04-11T02:32:41.007118 #1656]  INFO -- : 0:  listen (1.3.1) from /home/vagrant/.rvm/gems/ruby-2.1.0/specifications/listen-1.3.1.gemspec
I, [2014-04-11T02:32:41.011418 #1656]  INFO -- : 0:  lumberjack (1.0.5) from /home/vagrant/.rvm/gems/ruby-2.1.0/specifications/lumberjack-1.0.5.gemspec
I, [2014-04-11T02:32:41.014912 #1656]  INFO -- : 0:  method_source (0.8.2) from /home/vagrant/.rvm/gems/ruby-2.1.0/specifications/method_source-0.8.2.gemspec
I, [2014-04-11T02:32:41.018386 #1656]  INFO -- : 0:  slop (3.5.0) from /home/vagrant/.rvm/gems/ruby-2.1.0/specifications/slop-3.5.0.gemspec
I, [2014-04-11T02:32:41.021573 #1656]  INFO -- : 0:  pry (0.9.12.6) from /home/vagrant/.rvm/gems/ruby-2.1.0/specifications/pry-0.9.12.6.gemspec
I, [2014-04-11T02:32:41.024904 #1656]  INFO -- : 0:  thor (0.19.1) from /home/vagrant/.rvm/gems/ruby-2.1.0/specifications/thor-0.19.1.gemspec
I, [2014-04-11T02:32:41.032511 #1656]  INFO -- : 0:  guard (1.8.3) from /home/vagrant/.rvm/gems/ruby-2.1.0/specifications/guard-1.8.3.gemspec
I, [2014-04-11T02:32:41.036557 #1656]  INFO -- : 0:  liquid (2.5.5) from /home/vagrant/.rvm/gems/ruby-2.1.0/specifications/liquid-2.5.5.gemspec
I, [2014-04-11T02:32:42.448201 #1656]  INFO -- : 0:  maruku (0.7.1) from /home/vagrant/.rvm/gems/ruby-2.1.0/specifications/maruku-0.7.1.gemspec
I, [2014-04-11T02:32:42.449613 #1656]  INFO -- : 0:  posix-spawn (0.3.8) from /home/vagrant/.rvm/gems/ruby-2.1.0/specifications/posix-spawn-0.3.8.gemspec
I, [2014-04-11T02:32:42.455702 #1656]  INFO -- : 0:  yajl-ruby (1.1.0) from /home/vagrant/.rvm/gems/ruby-2.1.0/specifications/yajl-ruby-1.1.0.gemspec
I, [2014-04-11T02:32:42.460437 #1656]  INFO -- : 0:  pygments.rb (0.5.4) from /home/vagrant/.rvm/gems/ruby-2.1.0/specifications/pygments.rb-0.5.4.gemspec
I, [2014-04-11T02:32:42.466327 #1656]  INFO -- : 0:  redcarpet (2.3.0) from /home/vagrant/.rvm/gems/ruby-2.1.0/specifications/redcarpet-2.3.0.gemspec
I, [2014-04-11T02:32:43.428743 #1656]  INFO -- : 0:  safe_yaml (0.7.1) from /home/vagrant/.rvm/gems/ruby-2.1.0/specifications/safe_yaml-0.7.1.gemspec
I, [2014-04-11T02:32:45.087610 #1656]  INFO -- : 0:  jekyll (1.2.1) from /home/vagrant/.rvm/gems/ruby-2.1.0/specifications/jekyll-1.2.1.gemspec
I, [2014-04-11T02:32:45.091387 #1656]  INFO -- : 0:  guard-jekyll-plus (1.4.10) from /home/vagrant/.rvm/gems/ruby-2.1.0/specifications/guard-jekyll-plus-1.4.10.gemspec
I, [2014-04-11T02:32:45.094867 #1656]  INFO -- : 0:  multi_json (1.9.2) from /home/vagrant/.rvm/gems/ruby-2.1.0/specifications/multi_json-1.9.2.gemspec
I, [2014-04-11T02:32:45.098848 #1656]  INFO -- : 0:  guard-livereload (1.4.0) from /home/vagrant/.rvm/gems/ruby-2.1.0/specifications/guard-livereload-1.4.0.gemspec
I, [2014-04-11T02:32:45.103411 #1656]  INFO -- : 0:  bundler (1.5.0) from /home/vagrant/.rvm/gems/ruby-2.1.0@global/specifications/bundler-1.5.0.gemspec
I, [2014-05-05T01:07:36.806697 #2139]  INFO -- : 0:  fast-stemmer (1.0.2) from /home/vagrant/.rvm/gems/ruby-2.1.0/specifications/fast-stemmer-1.0.2.gemspec
I, [2014-05-05T01:07:36.808039 #2139]  INFO -- : 0:  classifier (1.3.4) from /home/vagrant/.rvm/gems/ruby-2.1.0/specifications/classifier-1.3.4.gemspec
I, [2014-05-05T01:07:36.811661 #2139]  INFO -- : 0:  coderay (1.1.0) from /home/vagrant/.rvm/gems/ruby-2.1.0/specifications/coderay-1.1.0.gemspec
I, [2014-05-05T01:07:36.814859 #2139]  INFO -- : 0:  colorator (0.1) from /home/vagrant/.rvm/gems/ruby-2.1.0/specifications/colorator-0.1.gemspec
I, [2014-05-05T01:07:36.818077 #2139]  INFO -- : 0:  highline (1.6.21) from /home/vagrant/.rvm/gems/ruby-2.1.0/specifications/highline-1.6.21.gemspec
I, [2014-05-05T01:07:36.821569 #2139]  INFO -- : 0:  commander (4.1.6) from /home/vagrant/.rvm/gems/ruby-2.1.0/specifications/commander-4.1.6.gemspec
I, [2014-05-05T01:07:36.824915 #2139]  INFO -- : 0:  directory_watcher (1.4.1) from /home/vagrant/.rvm/gems/ruby-2.1.0/specifications/directory_watcher-1.4.1.gemspec
I, [2014-05-05T01:07:36.828384 #2139]  INFO -- : 0:  eventmachine (1.0.3) from /home/vagrant/.rvm/gems/ruby-2.1.0/specifications/eventmachine-1.0.3.gemspec
I, [2014-05-05T01:07:39.684833 #2139]  INFO -- : 0:  http_parser.rb (0.6.0) from /home/vagrant/.rvm/gems/ruby-2.1.0/specifications/http_parser.rb-0.6.0.gemspec
I, [2014-05-05T01:07:40.471624 #2139]  INFO -- : 0:  em-websocket (0.5.1) from /home/vagrant/.rvm/gems/ruby-2.1.0/specifications/em-websocket-0.5.1.gemspec
I, [2014-05-05T01:07:41.545886 #2139]  INFO -- : 0:  excon (0.33.0) from /home/vagrant/.rvm/gems/ruby-2.1.0/specifications/excon-0.33.0.gemspec
I, [2014-05-05T01:07:41.550229 #2139]  INFO -- : 0:  ffi (1.9.3) from /home/vagrant/.rvm/gems/ruby-2.1.0/specifications/ffi-1.9.3.gemspec
I, [2014-05-05T01:07:41.553727 #2139]  INFO -- : 0:  formatador (0.2.4) from /home/vagrant/.rvm/gems/ruby-2.1.0/specifications/formatador-0.2.4.gemspec
I, [2014-05-05T01:07:41.557501 #2139]  INFO -- : 0:  rb-fsevent (0.9.4) from /home/vagrant/.rvm/gems/ruby-2.1.0/specifications/rb-fsevent-0.9.4.gemspec
I, [2014-05-05T01:07:41.560890 #2139]  INFO -- : 0:  rb-inotify (0.9.3) from /home/vagrant/.rvm/gems/ruby-2.1.0/specifications/rb-inotify-0.9.3.gemspec
I, [2014-05-05T01:07:41.565034 #2139]  INFO -- : 0:  rb-kqueue (0.2.2) from /home/vagrant/.rvm/gems/ruby-2.1.0/specifications/rb-kqueue-0.2.2.gemspec
I, [2014-05-05T01:07:41.569060 #2139]  INFO -- : 0:  listen (1.3.1) from /home/vagrant/.rvm/gems/ruby-2.1.0/specifications/listen-1.3.1.gemspec
I, [2014-05-05T01:07:41.573308 #2139]  INFO -- : 0:  lumberjack (1.0.5) from /home/vagrant/.rvm/gems/ruby-2.1.0/specifications/lumberjack-1.0.5.gemspec
I, [2014-05-05T01:07:41.577284 #2139]  INFO -- : 0:  method_source (0.8.2) from /home/vagrant/.rvm/gems/ruby-2.1.0/specifications/method_source-0.8.2.gemspec
I, [2014-05-05T01:07:41.581176 #2139]  INFO -- : 0:  slop (3.5.0) from /home/vagrant/.rvm/gems/ruby-2.1.0/specifications/slop-3.5.0.gemspec
I, [2014-05-05T01:07:41.584809 #2139]  INFO -- : 0:  pry (0.9.12.6) from /home/vagrant/.rvm/gems/ruby-2.1.0/specifications/pry-0.9.12.6.gemspec
I, [2014-05-05T01:07:41.588317 #2139]  INFO -- : 0:  thor (0.19.1) from /home/vagrant/.rvm/gems/ruby-2.1.0/specifications/thor-0.19.1.gemspec
I, [2014-05-05T01:07:41.592045 #2139]  INFO -- : 0:  guard (1.8.3) from /home/vagrant/.rvm/gems/ruby-2.1.0/specifications/guard-1.8.3.gemspec
I, [2014-05-05T01:07:41.595667 #2139]  INFO -- : 0:  liquid (2.5.5) from /home/vagrant/.rvm/gems/ruby-2.1.0/specifications/liquid-2.5.5.gemspec
I, [2014-05-05T01:07:41.599398 #2139]  INFO -- : 0:  maruku (0.7.1) from /home/vagrant/.rvm/gems/ruby-2.1.0/specifications/maruku-0.7.1.gemspec
I, [2014-05-05T01:07:41.603371 #2139]  INFO -- : 0:  posix-spawn (0.3.8) from /home/vagrant/.rvm/gems/ruby-2.1.0/specifications/posix-spawn-0.3.8.gemspec
I, [2014-05-05T01:07:41.606955 #2139]  INFO -- : 0:  yajl-ruby (1.1.0) from /home/vagrant/.rvm/gems/ruby-2.1.0/specifications/yajl-ruby-1.1.0.gemspec
I, [2014-05-05T01:07:41.610548 #2139]  INFO -- : 0:  pygments.rb (0.5.4) from /home/vagrant/.rvm/gems/ruby-2.1.0/specifications/pygments.rb-0.5.4.gemspec
I, [2014-05-05T01:07:41.614292 #2139]  INFO -- : 0:  redcarpet (2.3.0) from /home/vagrant/.rvm/gems/ruby-2.1.0/specifications/redcarpet-2.3.0.gemspec
I, [2014-05-05T01:07:41.618167 #2139]  INFO -- : 0:  safe_yaml (0.7.1) from /home/vagrant/.rvm/gems/ruby-2.1.0/specifications/safe_yaml-0.7.1.gemspec
I, [2014-05-05T01:07:41.621845 #2139]  INFO -- : 0:  jekyll (1.2.1) from /home/vagrant/.rvm/gems/ruby-2.1.0/specifications/jekyll-1.2.1.gemspec
I, [2014-05-05T01:07:41.626202 #2139]  INFO -- : 0:  guard-jekyll-plus (1.4.10) from /home/vagrant/.rvm/gems/ruby-2.1.0/specifications/guard-jekyll-plus-1.4.10.gemspec
I, [2014-05-05T01:07:41.629688 #2139]  INFO -- : 0:  multi_json (1.9.2) from /home/vagrant/.rvm/gems/ruby-2.1.0/specifications/multi_json-1.9.2.gemspec
I, [2014-05-05T01:07:41.633966 #2139]  INFO -- : 0:  guard-livereload (1.4.0) from /home/vagrant/.rvm/gems/ruby-2.1.0/specifications/guard-livereload-1.4.0.gemspec
E, [2014-05-05T01:07:41.638723 #2139] ERROR -- : Bundler::GemNotFound: Could not find json-1.8.1.gem for installation
/home/vagrant/.rvm/gems/ruby-2.1.0@global/gems/bundler-1.5.0/lib/bundler/source/rubygems.rb:149:in `cached_gem'  \n/home/vagrant/.rvm/gems/ruby-2.1.0@global/gems/bundler-1.5.0/lib/bundler/source/rubygems.rb:84:in `install'  \n/home/vagrant/.rvm/gems/ruby-2.1.0@global/gems/bundler-1.5.0/lib/bundler/installer.rb:111:in `block in install_gem_from_spec'  \n/home/vagrant/.rvm/gems/ruby-2.1.0@global/gems/bundler-1.5.0/lib/bundler/rubygems_integration.rb:150:in `with_build_args'  \n/home/vagrant/.rvm/gems/ruby-2.1.0@global/gems/bundler-1.5.0/lib/bundler/installer.rb:110:in `install_gem_from_spec'  \n/home/vagrant/.rvm/gems/ruby-2.1.0@global/gems/bundler-1.5.0/lib/bundler/installer.rb:295:in `block in install_sequentially'  \n/home/vagrant/.rvm/rubies/ruby-2.1.0/lib/ruby/2.1.0/forwardable.rb:183:in `each'  \n/home/vagrant/.rvm/rubies/ruby-2.1.0/lib/ruby/2.1.0/forwardable.rb:183:in `each'  \n/home/vagrant/.rvm/gems/ruby-2.1.0@global/gems/bundler-1.5.0/lib/bundler/installer.rb:294:in `install_sequentially'  \n/home/vagrant/.rvm/gems/ruby-2.1.0@global/gems/bundler-1.5.0/lib/bundler/installer.rb:97:in `run'  \n/home/vagrant/.rvm/gems/ruby-2.1.0@global/gems/bundler-1.5.0/lib/bundler/installer.rb:15:in `install'  \n/home/vagrant/.rvm/gems/ruby-2.1.0@global/gems/bundler-1.5.0/lib/bundler/cli.rb:257:in `install'  \n/home/vagrant/.rvm/gems/ruby-2.1.0@global/gems/bundler-1.5.0/lib/bundler/vendor/thor/command.rb:27:in `run'  \n/home/vagrant/.rvm/gems/ruby-2.1.0@global/gems/bundler-1.5.0/lib/bundler/vendor/thor/invocation.rb:120:in `invoke_command'  \n/home/vagrant/.rvm/gems/ruby-2.1.0@global/gems/bundler-1.5.0/lib/bundler/vendor/thor.rb:363:in `dispatch'  \n/home/vagrant/.rvm/gems/ruby-2.1.0@global/gems/bundler-1.5.0/lib/bundler/vendor/thor/base.rb:438:in `start'  \n/home/vagrant/.rvm/gems/ruby-2.1.0@global/gems/bundler-1.5.0/lib/bundler/cli.rb:10:in `start'  \n/home/vagrant/.rvm/gems/ruby-2.1.0@global/gems/bundler-1.5.0/bin/bundle:22:in `block in <top (required)>'  \n/home/vagrant/.rvm/gems/ruby-2.1.0@global/gems/bundler-1.5.0/lib/bundler/friendly_errors.rb:5:in `with_friendly_errors'  \n/home/vagrant/.rvm/gems/ruby-2.1.0@global/gems/bundler-1.5.0/bin/bundle:22:in `<top (required)>'  \n/home/vagrant/.rvm/gems/ruby-2.1.0@global/bin/bundle:23:in `load'  \n/home/vagrant/.rvm/gems/ruby-2.1.0@global/bin/bundle:23:in `<main>'  \n/home/vagrant/.rvm/gems/ruby-2.1.0/bin/ruby_executable_hooks:15:in `eval'  \n/home/vagrant/.rvm/gems/ruby-2.1.0/bin/ruby_executable_hooks:15:in `<main>'
I, [2014-05-05T01:08:26.785603 #2229]  INFO -- : 0:  fast-stemmer (1.0.2) from /home/vagrant/.rvm/gems/ruby-2.1.0/specifications/fast-stemmer-1.0.2.gemspec
I, [2014-05-05T01:08:26.786794 #2229]  INFO -- : 0:  classifier (1.3.4) from /home/vagrant/.rvm/gems/ruby-2.1.0/specifications/classifier-1.3.4.gemspec
I, [2014-05-05T01:08:26.791699 #2229]  INFO -- : 0:  coderay (1.1.0) from /home/vagrant/.rvm/gems/ruby-2.1.0/specifications/coderay-1.1.0.gemspec
I, [2014-05-05T01:08:26.795261 #2229]  INFO -- : 0:  colorator (0.1) from /home/vagrant/.rvm/gems/ruby-2.1.0/specifications/colorator-0.1.gemspec
I, [2014-05-05T01:08:26.798805 #2229]  INFO -- : 0:  highline (1.6.21) from /home/vagrant/.rvm/gems/ruby-2.1.0/specifications/highline-1.6.21.gemspec
I, [2014-05-05T01:08:26.802283 #2229]  INFO -- : 0:  commander (4.1.6) from /home/vagrant/.rvm/gems/ruby-2.1.0/specifications/commander-4.1.6.gemspec
I, [2014-05-05T01:08:26.805680 #2229]  INFO -- : 0:  directory_watcher (1.4.1) from /home/vagrant/.rvm/gems/ruby-2.1.0/specifications/directory_watcher-1.4.1.gemspec
I, [2014-05-05T01:08:26.809035 #2229]  INFO -- : 0:  eventmachine (1.0.3) from /home/vagrant/.rvm/gems/ruby-2.1.0/specifications/eventmachine-1.0.3.gemspec
I, [2014-05-05T01:08:26.812158 #2229]  INFO -- : 0:  http_parser.rb (0.6.0) from /home/vagrant/.rvm/gems/ruby-2.1.0/specifications/http_parser.rb-0.6.0.gemspec
I, [2014-05-05T01:08:26.815641 #2229]  INFO -- : 0:  em-websocket (0.5.1) from /home/vagrant/.rvm/gems/ruby-2.1.0/specifications/em-websocket-0.5.1.gemspec
I, [2014-05-05T01:08:26.819017 #2229]  INFO -- : 0:  excon (0.33.0) from /home/vagrant/.rvm/gems/ruby-2.1.0/specifications/excon-0.33.0.gemspec
I, [2014-05-05T01:08:26.822129 #2229]  INFO -- : 0:  ffi (1.9.3) from /home/vagrant/.rvm/gems/ruby-2.1.0/specifications/ffi-1.9.3.gemspec
I, [2014-05-05T01:08:26.825324 #2229]  INFO -- : 0:  formatador (0.2.4) from /home/vagrant/.rvm/gems/ruby-2.1.0/specifications/formatador-0.2.4.gemspec
I, [2014-05-05T01:08:26.828637 #2229]  INFO -- : 0:  rb-fsevent (0.9.4) from /home/vagrant/.rvm/gems/ruby-2.1.0/specifications/rb-fsevent-0.9.4.gemspec
I, [2014-05-05T01:08:26.832062 #2229]  INFO -- : 0:  rb-inotify (0.9.3) from /home/vagrant/.rvm/gems/ruby-2.1.0/specifications/rb-inotify-0.9.3.gemspec
I, [2014-05-05T01:08:26.836259 #2229]  INFO -- : 0:  rb-kqueue (0.2.2) from /home/vagrant/.rvm/gems/ruby-2.1.0/specifications/rb-kqueue-0.2.2.gemspec
I, [2014-05-05T01:08:26.840164 #2229]  INFO -- : 0:  listen (1.3.1) from /home/vagrant/.rvm/gems/ruby-2.1.0/specifications/listen-1.3.1.gemspec
I, [2014-05-05T01:08:26.843894 #2229]  INFO -- : 0:  lumberjack (1.0.5) from /home/vagrant/.rvm/gems/ruby-2.1.0/specifications/lumberjack-1.0.5.gemspec
I, [2014-05-05T01:08:26.847651 #2229]  INFO -- : 0:  method_source (0.8.2) from /home/vagrant/.rvm/gems/ruby-2.1.0/specifications/method_source-0.8.2.gemspec
I, [2014-05-05T01:08:26.851324 #2229]  INFO -- : 0:  slop (3.5.0) from /home/vagrant/.rvm/gems/ruby-2.1.0/specifications/slop-3.5.0.gemspec
I, [2014-05-05T01:08:26.854600 #2229]  INFO -- : 0:  pry (0.9.12.6) from /home/vagrant/.rvm/gems/ruby-2.1.0/specifications/pry-0.9.12.6.gemspec
I, [2014-05-05T01:08:26.858019 #2229]  INFO -- : 0:  thor (0.19.1) from /home/vagrant/.rvm/gems/ruby-2.1.0/specifications/thor-0.19.1.gemspec
I, [2014-05-05T01:08:26.861398 #2229]  INFO -- : 0:  guard (1.8.3) from /home/vagrant/.rvm/gems/ruby-2.1.0/specifications/guard-1.8.3.gemspec
I, [2014-05-05T01:08:26.864648 #2229]  INFO -- : 0:  liquid (2.5.5) from /home/vagrant/.rvm/gems/ruby-2.1.0/specifications/liquid-2.5.5.gemspec
I, [2014-05-05T01:08:26.868088 #2229]  INFO -- : 0:  maruku (0.7.1) from /home/vagrant/.rvm/gems/ruby-2.1.0/specifications/maruku-0.7.1.gemspec
I, [2014-05-05T01:08:26.871575 #2229]  INFO -- : 0:  posix-spawn (0.3.8) from /home/vagrant/.rvm/gems/ruby-2.1.0/specifications/posix-spawn-0.3.8.gemspec
I, [2014-05-05T01:08:26.875336 #2229]  INFO -- : 0:  yajl-ruby (1.1.0) from /home/vagrant/.rvm/gems/ruby-2.1.0/specifications/yajl-ruby-1.1.0.gemspec
I, [2014-05-05T01:08:26.878723 #2229]  INFO -- : 0:  pygments.rb (0.5.4) from /home/vagrant/.rvm/gems/ruby-2.1.0/specifications/pygments.rb-0.5.4.gemspec
I, [2014-05-05T01:08:26.883001 #2229]  INFO -- : 0:  redcarpet (2.3.0) from /home/vagrant/.rvm/gems/ruby-2.1.0/specifications/redcarpet-2.3.0.gemspec
I, [2014-05-05T01:08:26.886596 #2229]  INFO -- : 0:  safe_yaml (0.7.1) from /home/vagrant/.rvm/gems/ruby-2.1.0/specifications/safe_yaml-0.7.1.gemspec
I, [2014-05-05T01:08:26.890670 #2229]  INFO -- : 0:  jekyll (1.2.1) from /home/vagrant/.rvm/gems/ruby-2.1.0/specifications/jekyll-1.2.1.gemspec
I, [2014-05-05T01:08:26.894618 #2229]  INFO -- : 0:  guard-jekyll-plus (1.4.10) from /home/vagrant/.rvm/gems/ruby-2.1.0/specifications/guard-jekyll-plus-1.4.10.gemspec
I, [2014-05-05T01:08:26.897905 #2229]  INFO -- : 0:  multi_json (1.9.2) from /home/vagrant/.rvm/gems/ruby-2.1.0/specifications/multi_json-1.9.2.gemspec
I, [2014-05-05T01:08:26.901379 #2229]  INFO -- : 0:  guard-livereload (1.4.0) from /home/vagrant/.rvm/gems/ruby-2.1.0/specifications/guard-livereload-1.4.0.gemspec
I, [2014-05-05T01:08:28.471478 #2229]  INFO -- : 0:  json (1.8.1) from /home/vagrant/.rvm/gems/ruby-2.1.0/specifications/json-1.8.1.gemspec
I, [2014-05-05T01:08:29.391776 #2229]  INFO -- : 0:  mime-types (1.25.1) from /home/vagrant/.rvm/gems/ruby-2.1.0/specifications/mime-types-1.25.1.gemspec
I, [2014-05-05T01:08:45.035904 #2229]  INFO -- : 0:  polyglot (0.3.4) from /home/vagrant/.rvm/gems/ruby-2.1.0/specifications/polyglot-0.3.4.gemspec
I, [2014-05-05T01:08:46.101522 #2229]  INFO -- : 0:  treetop (1.4.15) from /home/vagrant/.rvm/gems/ruby-2.1.0/specifications/treetop-1.4.15.gemspec
I, [2014-05-05T01:08:47.299816 #2229]  INFO -- : 0:  mail (2.5.4) from /home/vagrant/.rvm/gems/ruby-2.1.0/specifications/mail-2.5.4.gemspec
I, [2014-05-05T01:08:53.386446 #2229]  INFO -- : 0:  mandrill-api (1.0.51) from /home/vagrant/.rvm/gems/ruby-2.1.0/specifications/mandrill-api-1.0.51.gemspec
I, [2014-05-05T01:08:54.166154 #2229]  INFO -- : 0:  pony (1.8) from /home/vagrant/.rvm/gems/ruby-2.1.0/specifications/pony-1.8.gemspec
I, [2014-05-05T01:08:55.404904 #2229]  INFO -- : 0:  rack (1.5.2) from /home/vagrant/.rvm/gems/ruby-2.1.0/specifications/rack-1.5.2.gemspec
I, [2014-05-05T01:08:56.141431 #2229]  INFO -- : 0:  rack-protection (1.5.3) from /home/vagrant/.rvm/gems/ruby-2.1.0/specifications/rack-protection-1.5.3.gemspec
I, [2014-05-05T01:09:02.249531 #2229]  INFO -- : 0:  rerun (0.8.1) from /home/vagrant/.rvm/gems/ruby-2.1.0/specifications/rerun-0.8.1.gemspec
I, [2014-05-05T01:09:03.561733 #2229]  INFO -- : 0:  tilt (1.4.1) from /home/vagrant/.rvm/gems/ruby-2.1.0/specifications/tilt-1.4.1.gemspec
I, [2014-05-05T01:09:04.761495 #2229]  INFO -- : 0:  sinatra (1.4.5) from /home/vagrant/.rvm/gems/ruby-2.1.0/specifications/sinatra-1.4.5.gemspec
I, [2014-05-05T01:09:04.765264 #2229]  INFO -- : 0:  bundler (1.5.0) from /home/vagrant/.rvm/gems/ruby-2.1.0@global/specifications/bundler-1.5.0.gemspec
